<?xml version="1.0" encoding="UTF-8"?>
<!-- Generated by org.testng.reporters.JUnitXMLReporter -->
<testsuite ignored="0" hostname="DESKTOP-GICHNOE" failures="1" tests="4" name="Test" time="55.299" errors="0" timestamp="2023-10-10T15:17:56 IST">
  <testcase classname="Moduel3_SearchProduct_Test.tutorialsninja_SearchProduct_Test" name="SearchtheProduct" time="3.867"/>
  <testcase classname="Moduel3_SearchProduct_Test.tutorialsninja_SearchProduct_Test" name="productnotavailable" time="3.601">
    <failure type="java.lang.AssertionError" message="expected [There is no product that matches the search criteria.] but found [iMac]">
      <![CDATA[java.lang.AssertionError: expected [There is no product that matches the search criteria.] but found [iMac]
at Moduel3_SearchProduct_Test.tutorialsninja_SearchProduct_Test.productnotavailable(tutorialsninja_SearchProduct_Test.java:80)
at java.base/java.util.ArrayList.forEach(ArrayList.java:1511)
... Removed 33 stack frames]]>
    </failure>
  </testcase> <!-- productnotavailable -->
  <testcase classname="Module1_LoginPage_Test.tutorialsninja_HomePage_Test" name="verifyaccount" time="0.1"/>
  <testcase classname="Module2_RegisterPage_Test.tutorialsninja_RegisterPage_Test" name="verifyRegisteraccountCreated" time="0.11"/>
</testsuite> <!-- Test -->
