<?xml version="1.0" encoding="UTF-8"?>
<testng-results ignored="0" total="4" passed="3" failed="1" skipped="0">
  <reporter-output>
  </reporter-output>
  <suite started-at="2023-10-10T15:17:00 IST" name="Suite" finished-at="2023-10-10T15:17:56 IST" duration-ms="55299">
    <groups>
    </groups>
    <test started-at="2023-10-10T15:17:00 IST" name="Test" finished-at="2023-10-10T15:17:56 IST" duration-ms="55299">
      <class name="Module1_LoginPage_Test.tutorialsninja_HomePage_Test">
        <test-method is-config="true" signature="OpenBrowser()[pri:0, instance:Module1_LoginPage_Test.tutorialsninja_HomePage_Test@247310d0]" started-at="2023-10-10T15:17:30 IST" name="OpenBrowser" finished-at="2023-10-10T15:17:38 IST" duration-ms="7452" status="PASS">
          <reporter-output>
          </reporter-output>
        </test-method> <!-- OpenBrowser -->
        <test-method is-config="true" signature="LoginApp()[pri:0, instance:Module1_LoginPage_Test.tutorialsninja_HomePage_Test@247310d0]" started-at="2023-10-10T15:17:38 IST" name="LoginApp" finished-at="2023-10-10T15:17:39 IST" duration-ms="1486" status="PASS">
          <reporter-output>
          </reporter-output>
        </test-method> <!-- LoginApp -->
        <test-method signature="verifyaccount()[pri:0, instance:Module1_LoginPage_Test.tutorialsninja_HomePage_Test@247310d0]" started-at="2023-10-10T15:17:39 IST" name="verifyaccount" finished-at="2023-10-10T15:17:39 IST" duration-ms="100" status="PASS">
          <reporter-output>
          </reporter-output>
        </test-method> <!-- verifyaccount -->
        <test-method is-config="true" signature="LogoutApp()[pri:0, instance:Module1_LoginPage_Test.tutorialsninja_HomePage_Test@247310d0]" started-at="2023-10-10T15:17:39 IST" name="LogoutApp" finished-at="2023-10-10T15:17:40 IST" duration-ms="421" status="PASS">
          <reporter-output>
          </reporter-output>
        </test-method> <!-- LogoutApp -->
        <test-method is-config="true" signature="closebrowser()[pri:0, instance:Module1_LoginPage_Test.tutorialsninja_HomePage_Test@247310d0]" started-at="2023-10-10T15:17:40 IST" name="closebrowser" finished-at="2023-10-10T15:17:44 IST" duration-ms="3747" status="PASS">
          <reporter-output>
          </reporter-output>
        </test-method> <!-- closebrowser -->
      </class> <!-- Module1_LoginPage_Test.tutorialsninja_HomePage_Test -->
      <class name="Moduel3_SearchProduct_Test.tutorialsninja_SearchProduct_Test">
        <test-method is-config="true" signature="OpenBrowser()[pri:0, instance:Moduel3_SearchProduct_Test.tutorialsninja_SearchProduct_Test@8462f31]" started-at="2023-10-10T15:17:00 IST" name="OpenBrowser" finished-at="2023-10-10T15:17:16 IST" duration-ms="15182" status="PASS">
          <reporter-output>
          </reporter-output>
        </test-method> <!-- OpenBrowser -->
        <test-method is-config="true" signature="LoginApp()[pri:0, instance:Moduel3_SearchProduct_Test.tutorialsninja_SearchProduct_Test@8462f31]" started-at="2023-10-10T15:17:16 IST" name="LoginApp" finished-at="2023-10-10T15:17:17 IST" duration-ms="1491" status="PASS">
          <reporter-output>
          </reporter-output>
        </test-method> <!-- LoginApp -->
        <test-method signature="SearchtheProduct()[pri:0, instance:Moduel3_SearchProduct_Test.tutorialsninja_SearchProduct_Test@8462f31]" started-at="2023-10-10T15:17:17 IST" name="SearchtheProduct" finished-at="2023-10-10T15:17:21 IST" duration-ms="3867" status="PASS">
          <reporter-output>
          </reporter-output>
        </test-method> <!-- SearchtheProduct -->
        <test-method is-config="true" signature="LogoutApp(org.testng.ITestResult)[pri:0, instance:Moduel3_SearchProduct_Test.tutorialsninja_SearchProduct_Test@8462f31]" started-at="2023-10-10T15:17:21 IST" name="LogoutApp" finished-at="2023-10-10T15:17:21 IST" duration-ms="504" status="PASS">
          <params>
            <param index="0">
              <value>
                <![CDATA[[TestResult name=SearchtheProduct status=SUCCESS method=tutorialsninja_SearchProduct_Test.SearchtheProduct()[pri:0, instance:Moduel3_SearchProduct_Test.tutorialsninja_SearchProduct_Test@8462f31] output={null}]]]>
              </value>
            </param>
          </params>
          <reporter-output>
          </reporter-output>
        </test-method> <!-- LogoutApp -->
        <test-method is-config="true" signature="LoginApp()[pri:0, instance:Moduel3_SearchProduct_Test.tutorialsninja_SearchProduct_Test@8462f31]" started-at="2023-10-10T15:17:21 IST" name="LoginApp" finished-at="2023-10-10T15:17:23 IST" duration-ms="1030" status="PASS">
          <reporter-output>
          </reporter-output>
        </test-method> <!-- LoginApp -->
        <test-method signature="productnotavailable()[pri:0, instance:Moduel3_SearchProduct_Test.tutorialsninja_SearchProduct_Test@8462f31]" started-at="2023-10-10T15:17:23 IST" name="productnotavailable" finished-at="2023-10-10T15:17:26 IST" duration-ms="3601" status="FAIL">
          <exception class="java.lang.AssertionError">
            <message>
              <![CDATA[expected [There is no product that matches the search criteria.] but found [iMac]]]>
            </message>
            <full-stacktrace>
              <![CDATA[java.lang.AssertionError: expected [There is no product that matches the search criteria.] but found [iMac]
at org.testng.Assert.fail(Assert.java:111)
at org.testng.Assert.failNotEquals(Assert.java:1578)
at org.testng.Assert.assertEqualsImpl(Assert.java:150)
at org.testng.Assert.assertEquals(Assert.java:132)
at org.testng.Assert.assertEquals(Assert.java:656)
at org.testng.Assert.assertEquals(Assert.java:666)
at Moduel3_SearchProduct_Test.tutorialsninja_SearchProduct_Test.productnotavailable(tutorialsninja_SearchProduct_Test.java:80)
at java.base/jdk.internal.reflect.NativeMethodAccessorImpl.invoke0(Native Method)
at java.base/jdk.internal.reflect.NativeMethodAccessorImpl.invoke(NativeMethodAccessorImpl.java:77)
at java.base/jdk.internal.reflect.DelegatingMethodAccessorImpl.invoke(DelegatingMethodAccessorImpl.java:43)
at java.base/java.lang.reflect.Method.invoke(Method.java:568)
at org.testng.internal.invokers.MethodInvocationHelper.invokeMethod(MethodInvocationHelper.java:139)
at org.testng.internal.invokers.TestInvoker.invokeMethod(TestInvoker.java:664)
at org.testng.internal.invokers.TestInvoker.invokeTestMethod(TestInvoker.java:227)
at org.testng.internal.invokers.MethodRunner.runInSequence(MethodRunner.java:50)
at org.testng.internal.invokers.TestInvoker$MethodInvocationAgent.invoke(TestInvoker.java:957)
at org.testng.internal.invokers.TestInvoker.invokeTestMethods(TestInvoker.java:200)
at org.testng.internal.invokers.TestMethodWorker.invokeTestMethods(TestMethodWorker.java:148)
at org.testng.internal.invokers.TestMethodWorker.run(TestMethodWorker.java:128)
at java.base/java.util.ArrayList.forEach(ArrayList.java:1511)
at org.testng.TestRunner.privateRun(TestRunner.java:848)
at org.testng.TestRunner.run(TestRunner.java:621)
at org.testng.SuiteRunner.runTest(SuiteRunner.java:443)
at org.testng.SuiteRunner.runSequentially(SuiteRunner.java:437)
at org.testng.SuiteRunner.privateRun(SuiteRunner.java:397)
at org.testng.SuiteRunner.run(SuiteRunner.java:336)
at org.testng.SuiteRunnerWorker.runSuite(SuiteRunnerWorker.java:52)
at org.testng.SuiteRunnerWorker.run(SuiteRunnerWorker.java:95)
at org.testng.TestNG.runSuitesSequentially(TestNG.java:1280)
at org.testng.TestNG.runSuitesLocally(TestNG.java:1200)
at org.testng.TestNG.runSuites(TestNG.java:1114)
at org.testng.TestNG.run(TestNG.java:1082)
at org.testng.remote.AbstractRemoteTestNG.run(AbstractRemoteTestNG.java:115)
at org.testng.remote.RemoteTestNG.initAndRun(RemoteTestNG.java:251)
at org.testng.remote.RemoteTestNG.main(RemoteTestNG.java:77)
]]>
            </full-stacktrace>
          </exception> <!-- java.lang.AssertionError -->
          <reporter-output>
          </reporter-output>
        </test-method> <!-- productnotavailable -->
        <test-method is-config="true" signature="LogoutApp(org.testng.ITestResult)[pri:0, instance:Moduel3_SearchProduct_Test.tutorialsninja_SearchProduct_Test@8462f31]" started-at="2023-10-10T15:17:26 IST" name="LogoutApp" finished-at="2023-10-10T15:17:27 IST" duration-ms="695" status="PASS">
          <params>
            <param index="0">
              <value>
                <![CDATA[[TestResult name=productnotavailable status=FAILURE method=tutorialsninja_SearchProduct_Test.productnotavailable()[pri:0, instance:Moduel3_SearchProduct_Test.tutorialsninja_SearchProduct_Test@8462f31] output={null}]]]>
              </value>
            </param>
          </params>
          <reporter-output>
          </reporter-output>
        </test-method> <!-- LogoutApp -->
        <test-method is-config="true" signature="closebrowser()[pri:0, instance:Moduel3_SearchProduct_Test.tutorialsninja_SearchProduct_Test@8462f31]" started-at="2023-10-10T15:17:27 IST" name="closebrowser" finished-at="2023-10-10T15:17:30 IST" duration-ms="3603" status="PASS">
          <reporter-output>
          </reporter-output>
        </test-method> <!-- closebrowser -->
      </class> <!-- Moduel3_SearchProduct_Test.tutorialsninja_SearchProduct_Test -->
      <class name="Module2_RegisterPage_Test.tutorialsninja_RegisterPage_Test">
        <test-method is-config="true" signature="openBrowser()[pri:0, instance:Module2_RegisterPage_Test.tutorialsninja_RegisterPage_Test@1033576a]" started-at="2023-10-10T15:17:44 IST" name="openBrowser" finished-at="2023-10-10T15:17:50 IST" duration-ms="6645" status="PASS">
          <reporter-output>
          </reporter-output>
        </test-method> <!-- openBrowser -->
        <test-method is-config="true" signature="registeraccountdata()[pri:0, instance:Module2_RegisterPage_Test.tutorialsninja_RegisterPage_Test@1033576a]" started-at="2023-10-10T15:17:50 IST" name="registeraccountdata" finished-at="2023-10-10T15:17:55 IST" duration-ms="4742" status="PASS">
          <reporter-output>
          </reporter-output>
        </test-method> <!-- registeraccountdata -->
        <test-method signature="verifyRegisteraccountCreated()[pri:0, instance:Module2_RegisterPage_Test.tutorialsninja_RegisterPage_Test@1033576a]" started-at="2023-10-10T15:17:55 IST" name="verifyRegisteraccountCreated" finished-at="2023-10-10T15:17:55 IST" duration-ms="110" status="PASS">
          <reporter-output>
          </reporter-output>
        </test-method> <!-- verifyRegisteraccountCreated -->
        <test-method is-config="true" signature="LogoutApp()[pri:0, instance:Module2_RegisterPage_Test.tutorialsninja_RegisterPage_Test@1033576a]" started-at="2023-10-10T15:17:55 IST" name="LogoutApp" finished-at="2023-10-10T15:17:55 IST" duration-ms="1" status="PASS">
          <reporter-output>
          </reporter-output>
        </test-method> <!-- LogoutApp -->
        <test-method is-config="true" signature="closebrowser()[pri:0, instance:Module2_RegisterPage_Test.tutorialsninja_RegisterPage_Test@1033576a]" started-at="2023-10-10T15:17:55 IST" name="closebrowser" finished-at="2023-10-10T15:17:56 IST" duration-ms="461" status="PASS">
          <reporter-output>
          </reporter-output>
        </test-method> <!-- closebrowser -->
      </class> <!-- Module2_RegisterPage_Test.tutorialsninja_RegisterPage_Test -->
    </test> <!-- Test -->
  </suite> <!-- Suite -->
</testng-results>
